#! /usr/bin/vvp
:ivl_version "11.0 (stable)";
:ivl_delay_selection "TYPICAL";
:vpi_time_precision + 0;
:vpi_module "/usr/lib/x86_64-linux-gnu/ivl/system.vpi";
:vpi_module "/usr/lib/x86_64-linux-gnu/ivl/vhdl_sys.vpi";
:vpi_module "/usr/lib/x86_64-linux-gnu/ivl/vhdl_textio.vpi";
:vpi_module "/usr/lib/x86_64-linux-gnu/ivl/v2005_math.vpi";
:vpi_module "/usr/lib/x86_64-linux-gnu/ivl/va_math.vpi";
S_0x55c4a6ba09e0 .scope module, "ul4" "ul4" 2 1;
 .timescale 0 0;
    .port_info 0 /OUTPUT 4 "Out";
    .port_info 1 /INPUT 4 "A";
    .port_info 2 /INPUT 4 "B";
    .port_info 3 /INPUT 2 "S";
o0x7ff768693008 .functor BUFZ 4, C4<zzzz>; HiZ drive
I0x55c4a6ba56b0 .island tran;
p0x7ff768693008 .port I0x55c4a6ba56b0, o0x7ff768693008;
v0x55c4a6bcc090_0 .net8 "A", 3 0, p0x7ff768693008;  0 drivers, strength-aware
o0x7ff768693038 .functor BUFZ 4, C4<zzzz>; HiZ drive
v0x55c4a6bcc190_0 .net "B", 3 0, o0x7ff768693038;  0 drivers
v0x55c4a6bcc270_0 .net "Out", 3 0, L_0x55c4a6bcda90;  1 drivers
o0x7ff768692018 .functor BUFZ 2, C4<zz>; HiZ drive
v0x55c4a6bcc330_0 .net "S", 1 0, o0x7ff768692018;  0 drivers
L_0x55c4a6bcca50 .part o0x7ff768693038, 0, 1;
L_0x55c4a6bccfe0 .part o0x7ff768693038, 1, 1;
L_0x55c4a6bcd5b0 .part o0x7ff768693038, 2, 1;
L_0x55c4a6bcda90 .concat8 [ 1 1 1 1], v0x55c4a6bc76f0_0, v0x55c4a6bc8a30_0, v0x55c4a6bc9f80_0, v0x55c4a6bcb4c0_0;
L_0x55c4a6bcdd70 .part o0x7ff768693038, 3, 1;
p0x7ff768692258 .port I0x55c4a6ba56b0, L_0x55c4a6bcc8a0;
 .tranvp 4 1 0, I0x55c4a6ba56b0, p0x7ff768693008 p0x7ff768692258;
p0x7ff768692648 .port I0x55c4a6ba56b0, L_0x55c4a6bcce60;
 .tranvp 4 1 1, I0x55c4a6ba56b0, p0x7ff768693008 p0x7ff768692648;
p0x7ff768692a38 .port I0x55c4a6ba56b0, L_0x55c4a6bcd400;
 .tranvp 4 1 2, I0x55c4a6ba56b0, p0x7ff768693008 p0x7ff768692a38;
p0x7ff768692e28 .port I0x55c4a6ba56b0, L_0x55c4a6bcd990;
 .tranvp 4 1 3, I0x55c4a6ba56b0, p0x7ff768693008 p0x7ff768692e28;
S_0x55c4a6ba0b70 .scope module, "C0" "cl" 2 3, 3 1 0, S_0x55c4a6ba09e0;
 .timescale 0 0;
    .port_info 0 /OUTPUT 1 "out";
    .port_info 1 /INPUT 1 "a";
    .port_info 2 /INPUT 1 "b";
    .port_info 3 /INPUT 2 "S";
L_0x55c4a6bcc5b0 .functor AND 1, p0x7ff768692258, L_0x55c4a6bcca50, C4<1>, C4<1>;
L_0x55c4a6bcc6a0 .functor OR 1, p0x7ff768692258, L_0x55c4a6bcca50, C4<0>, C4<0>;
L_0x55c4a6bcc790 .functor XOR 1, p0x7ff768692258, L_0x55c4a6bcca50, C4<0>, C4<0>;
L_0x55c4a6bcc800 .functor NOT 1, L_0x55c4a6bcca50, C4<0>, C4<0>, C4<0>;
L_0x55c4a6bcc8a0 .functor NOT 1, L_0x55c4a6bcca50, C4<0>, C4<0>, C4<0>;
v0x55c4a6bc7870_0 .net "S", 1 0, o0x7ff768692018;  alias, 0 drivers
v0x55c4a6bc7950_0 .net8 "a", 0 0, p0x7ff768692258;  1 drivers, strength-aware
v0x55c4a6bc79f0_0 .net "b", 0 0, L_0x55c4a6bcca50;  1 drivers
v0x55c4a6bc7a90_0 .net "out", 0 0, v0x55c4a6bc76f0_0;  1 drivers
o0x7ff768692048 .functor BUFZ 1, C4<z>; HiZ drive
v0x55c4a6bc7b30_0 .net "pa", 0 0, o0x7ff768692048;  0 drivers
o0x7ff7686920d8 .functor BUFZ 1, C4<z>; HiZ drive
v0x55c4a6bc7c20_0 .net "pn", 0 0, o0x7ff7686920d8;  0 drivers
o0x7ff768692078 .functor BUFZ 1, C4<z>; HiZ drive
v0x55c4a6bc7cc0_0 .net "po", 0 0, o0x7ff768692078;  0 drivers
o0x7ff7686920a8 .functor BUFZ 1, C4<z>; HiZ drive
v0x55c4a6bc7d60_0 .net "px", 0 0, o0x7ff7686920a8;  0 drivers
v0x55c4a6bc7e00_0 .net "sa", 0 0, L_0x55c4a6bcc5b0;  1 drivers
v0x55c4a6bc7ea0_0 .net "sn", 0 0, L_0x55c4a6bcc800;  1 drivers
v0x55c4a6bc7f40_0 .net "so", 0 0, L_0x55c4a6bcc6a0;  1 drivers
v0x55c4a6bc7fe0_0 .net "sx", 0 0, L_0x55c4a6bcc790;  1 drivers
S_0x55c4a6ba6ee0 .scope module, "pm" "mux4_1" 3 9, 4 1 0, S_0x55c4a6ba0b70;
 .timescale 0 0;
    .port_info 0 /OUTPUT 1 "out";
    .port_info 1 /INPUT 1 "a";
    .port_info 2 /INPUT 1 "b";
    .port_info 3 /INPUT 1 "c";
    .port_info 4 /INPUT 1 "d";
    .port_info 5 /INPUT 2 "S";
v0x55c4a6b9bad0_0 .net "S", 1 0, o0x7ff768692018;  alias, 0 drivers
v0x55c4a6b99a60_0 .net "a", 0 0, o0x7ff768692048;  alias, 0 drivers
v0x55c4a6bc7480_0 .net "b", 0 0, o0x7ff768692078;  alias, 0 drivers
v0x55c4a6bc7520_0 .net "c", 0 0, o0x7ff7686920a8;  alias, 0 drivers
v0x55c4a6bc75e0_0 .net "d", 0 0, o0x7ff7686920d8;  alias, 0 drivers
v0x55c4a6bc76f0_0 .var "out", 0 0;
E_0x55c4a6b8cdf0/0 .event edge, v0x55c4a6b9bad0_0, v0x55c4a6bc75e0_0, v0x55c4a6bc7520_0, v0x55c4a6bc7480_0;
E_0x55c4a6b8cdf0/1 .event edge, v0x55c4a6b99a60_0;
E_0x55c4a6b8cdf0 .event/or E_0x55c4a6b8cdf0/0, E_0x55c4a6b8cdf0/1;
S_0x55c4a6bc80e0 .scope module, "C1" "cl" 2 4, 3 1 0, S_0x55c4a6ba09e0;
 .timescale 0 0;
    .port_info 0 /OUTPUT 1 "out";
    .port_info 1 /INPUT 1 "a";
    .port_info 2 /INPUT 1 "b";
    .port_info 3 /INPUT 2 "S";
L_0x55c4a6bccb20 .functor AND 1, p0x7ff768692648, L_0x55c4a6bccfe0, C4<1>, C4<1>;
L_0x55c4a6bccc20 .functor OR 1, p0x7ff768692648, L_0x55c4a6bccfe0, C4<0>, C4<0>;
L_0x55c4a6bcccc0 .functor XOR 1, p0x7ff768692648, L_0x55c4a6bccfe0, C4<0>, C4<0>;
L_0x55c4a6bccd30 .functor NOT 1, L_0x55c4a6bccfe0, C4<0>, C4<0>, C4<0>;
L_0x55c4a6bcce60 .functor NOT 1, L_0x55c4a6bccfe0, C4<0>, C4<0>, C4<0>;
v0x55c4a6bc8bb0_0 .net "S", 1 0, o0x7ff768692018;  alias, 0 drivers
v0x55c4a6bc8c90_0 .net8 "a", 0 0, p0x7ff768692648;  1 drivers, strength-aware
v0x55c4a6bc8d50_0 .net "b", 0 0, L_0x55c4a6bccfe0;  1 drivers
v0x55c4a6bc8df0_0 .net "out", 0 0, v0x55c4a6bc8a30_0;  1 drivers
o0x7ff768692438 .functor BUFZ 1, C4<z>; HiZ drive
v0x55c4a6bc8ec0_0 .net "pa", 0 0, o0x7ff768692438;  0 drivers
o0x7ff7686924c8 .functor BUFZ 1, C4<z>; HiZ drive
v0x55c4a6bc8fb0_0 .net "pn", 0 0, o0x7ff7686924c8;  0 drivers
o0x7ff768692468 .functor BUFZ 1, C4<z>; HiZ drive
v0x55c4a6bc9080_0 .net "po", 0 0, o0x7ff768692468;  0 drivers
o0x7ff768692498 .functor BUFZ 1, C4<z>; HiZ drive
v0x55c4a6bc9150_0 .net "px", 0 0, o0x7ff768692498;  0 drivers
v0x55c4a6bc9220_0 .net "sa", 0 0, L_0x55c4a6bccb20;  1 drivers
v0x55c4a6bc9350_0 .net "sn", 0 0, L_0x55c4a6bccd30;  1 drivers
v0x55c4a6bc93f0_0 .net "so", 0 0, L_0x55c4a6bccc20;  1 drivers
v0x55c4a6bc9490_0 .net "sx", 0 0, L_0x55c4a6bcccc0;  1 drivers
S_0x55c4a6bc8300 .scope module, "pm" "mux4_1" 3 9, 4 1 0, S_0x55c4a6bc80e0;
 .timescale 0 0;
    .port_info 0 /OUTPUT 1 "out";
    .port_info 1 /INPUT 1 "a";
    .port_info 2 /INPUT 1 "b";
    .port_info 3 /INPUT 1 "c";
    .port_info 4 /INPUT 1 "d";
    .port_info 5 /INPUT 2 "S";
v0x55c4a6bc85d0_0 .net "S", 1 0, o0x7ff768692018;  alias, 0 drivers
v0x55c4a6bc8700_0 .net "a", 0 0, o0x7ff768692438;  alias, 0 drivers
v0x55c4a6bc87c0_0 .net "b", 0 0, o0x7ff768692468;  alias, 0 drivers
v0x55c4a6bc8860_0 .net "c", 0 0, o0x7ff768692498;  alias, 0 drivers
v0x55c4a6bc8920_0 .net "d", 0 0, o0x7ff7686924c8;  alias, 0 drivers
v0x55c4a6bc8a30_0 .var "out", 0 0;
E_0x55c4a6ba02a0/0 .event edge, v0x55c4a6b9bad0_0, v0x55c4a6bc8920_0, v0x55c4a6bc8860_0, v0x55c4a6bc87c0_0;
E_0x55c4a6ba02a0/1 .event edge, v0x55c4a6bc8700_0;
E_0x55c4a6ba02a0 .event/or E_0x55c4a6ba02a0/0, E_0x55c4a6ba02a0/1;
S_0x55c4a6bc95c0 .scope module, "C2" "cl" 2 5, 3 1 0, S_0x55c4a6ba09e0;
 .timescale 0 0;
    .port_info 0 /OUTPUT 1 "out";
    .port_info 1 /INPUT 1 "a";
    .port_info 2 /INPUT 1 "b";
    .port_info 3 /INPUT 2 "S";
L_0x55c4a6bcd080 .functor AND 1, p0x7ff768692a38, L_0x55c4a6bcd5b0, C4<1>, C4<1>;
L_0x55c4a6bcd120 .functor OR 1, p0x7ff768692a38, L_0x55c4a6bcd5b0, C4<0>, C4<0>;
L_0x55c4a6bcd260 .functor XOR 1, p0x7ff768692a38, L_0x55c4a6bcd5b0, C4<0>, C4<0>;
L_0x55c4a6bcd2d0 .functor NOT 1, L_0x55c4a6bcd5b0, C4<0>, C4<0>, C4<0>;
L_0x55c4a6bcd400 .functor NOT 1, L_0x55c4a6bcd5b0, C4<0>, C4<0>, C4<0>;
v0x55c4a6bca140_0 .net "S", 1 0, o0x7ff768692018;  alias, 0 drivers
v0x55c4a6bca220_0 .net8 "a", 0 0, p0x7ff768692a38;  1 drivers, strength-aware
v0x55c4a6bca2e0_0 .net "b", 0 0, L_0x55c4a6bcd5b0;  1 drivers
v0x55c4a6bca380_0 .net "out", 0 0, v0x55c4a6bc9f80_0;  1 drivers
o0x7ff768692828 .functor BUFZ 1, C4<z>; HiZ drive
v0x55c4a6bca450_0 .net "pa", 0 0, o0x7ff768692828;  0 drivers
o0x7ff7686928b8 .functor BUFZ 1, C4<z>; HiZ drive
v0x55c4a6bca540_0 .net "pn", 0 0, o0x7ff7686928b8;  0 drivers
o0x7ff768692858 .functor BUFZ 1, C4<z>; HiZ drive
v0x55c4a6bca610_0 .net "po", 0 0, o0x7ff768692858;  0 drivers
o0x7ff768692888 .functor BUFZ 1, C4<z>; HiZ drive
v0x55c4a6bca6e0_0 .net "px", 0 0, o0x7ff768692888;  0 drivers
v0x55c4a6bca7b0_0 .net "sa", 0 0, L_0x55c4a6bcd080;  1 drivers
v0x55c4a6bca8e0_0 .net "sn", 0 0, L_0x55c4a6bcd2d0;  1 drivers
v0x55c4a6bca980_0 .net "so", 0 0, L_0x55c4a6bcd120;  1 drivers
v0x55c4a6bcaa20_0 .net "sx", 0 0, L_0x55c4a6bcd260;  1 drivers
S_0x55c4a6bc97f0 .scope module, "pm" "mux4_1" 3 9, 4 1 0, S_0x55c4a6bc95c0;
 .timescale 0 0;
    .port_info 0 /OUTPUT 1 "out";
    .port_info 1 /INPUT 1 "a";
    .port_info 2 /INPUT 1 "b";
    .port_info 3 /INPUT 1 "c";
    .port_info 4 /INPUT 1 "d";
    .port_info 5 /INPUT 2 "S";
v0x55c4a6bc9b00_0 .net "S", 1 0, o0x7ff768692018;  alias, 0 drivers
v0x55c4a6bc9c70_0 .net "a", 0 0, o0x7ff768692828;  alias, 0 drivers
v0x55c4a6bc9d30_0 .net "b", 0 0, o0x7ff768692858;  alias, 0 drivers
v0x55c4a6bc9e00_0 .net "c", 0 0, o0x7ff768692888;  alias, 0 drivers
v0x55c4a6bc9ec0_0 .net "d", 0 0, o0x7ff7686928b8;  alias, 0 drivers
v0x55c4a6bc9f80_0 .var "out", 0 0;
E_0x55c4a6bc9a70/0 .event edge, v0x55c4a6b9bad0_0, v0x55c4a6bc9ec0_0, v0x55c4a6bc9e00_0, v0x55c4a6bc9d30_0;
E_0x55c4a6bc9a70/1 .event edge, v0x55c4a6bc9c70_0;
E_0x55c4a6bc9a70 .event/or E_0x55c4a6bc9a70/0, E_0x55c4a6bc9a70/1;
S_0x55c4a6bcab50 .scope module, "C3" "cl" 2 6, 3 1 0, S_0x55c4a6ba09e0;
 .timescale 0 0;
    .port_info 0 /OUTPUT 1 "out";
    .port_info 1 /INPUT 1 "a";
    .port_info 2 /INPUT 1 "b";
    .port_info 3 /INPUT 2 "S";
L_0x55c4a6bcd650 .functor AND 1, p0x7ff768692e28, L_0x55c4a6bcdd70, C4<1>, C4<1>;
L_0x55c4a6bcd750 .functor OR 1, p0x7ff768692e28, L_0x55c4a6bcdd70, C4<0>, C4<0>;
L_0x55c4a6bcd7f0 .functor XOR 1, p0x7ff768692e28, L_0x55c4a6bcdd70, C4<0>, C4<0>;
L_0x55c4a6bcd860 .functor NOT 1, L_0x55c4a6bcdd70, C4<0>, C4<0>, C4<0>;
L_0x55c4a6bcd990 .functor NOT 1, L_0x55c4a6bcdd70, C4<0>, C4<0>, C4<0>;
v0x55c4a6bcb680_0 .net "S", 1 0, o0x7ff768692018;  alias, 0 drivers
v0x55c4a6bcb760_0 .net8 "a", 0 0, p0x7ff768692e28;  1 drivers, strength-aware
v0x55c4a6bcb820_0 .net "b", 0 0, L_0x55c4a6bcdd70;  1 drivers
v0x55c4a6bcb8c0_0 .net "out", 0 0, v0x55c4a6bcb4c0_0;  1 drivers
o0x7ff768692c18 .functor BUFZ 1, C4<z>; HiZ drive
v0x55c4a6bcb990_0 .net "pa", 0 0, o0x7ff768692c18;  0 drivers
o0x7ff768692ca8 .functor BUFZ 1, C4<z>; HiZ drive
v0x55c4a6bcba80_0 .net "pn", 0 0, o0x7ff768692ca8;  0 drivers
o0x7ff768692c48 .functor BUFZ 1, C4<z>; HiZ drive
v0x55c4a6bcbb50_0 .net "po", 0 0, o0x7ff768692c48;  0 drivers
o0x7ff768692c78 .functor BUFZ 1, C4<z>; HiZ drive
v0x55c4a6bcbc20_0 .net "px", 0 0, o0x7ff768692c78;  0 drivers
v0x55c4a6bcbcf0_0 .net "sa", 0 0, L_0x55c4a6bcd650;  1 drivers
v0x55c4a6bcbe20_0 .net "sn", 0 0, L_0x55c4a6bcd860;  1 drivers
v0x55c4a6bcbec0_0 .net "so", 0 0, L_0x55c4a6bcd750;  1 drivers
v0x55c4a6bcbf60_0 .net "sx", 0 0, L_0x55c4a6bcd7f0;  1 drivers
S_0x55c4a6bcad50 .scope module, "pm" "mux4_1" 3 9, 4 1 0, S_0x55c4a6bcab50;
 .timescale 0 0;
    .port_info 0 /OUTPUT 1 "out";
    .port_info 1 /INPUT 1 "a";
    .port_info 2 /INPUT 1 "b";
    .port_info 3 /INPUT 1 "c";
    .port_info 4 /INPUT 1 "d";
    .port_info 5 /INPUT 2 "S";
v0x55c4a6bcb080_0 .net "S", 1 0, o0x7ff768692018;  alias, 0 drivers
v0x55c4a6bcb160_0 .net "a", 0 0, o0x7ff768692c18;  alias, 0 drivers
v0x55c4a6bcb220_0 .net "b", 0 0, o0x7ff768692c48;  alias, 0 drivers
v0x55c4a6bcb2f0_0 .net "c", 0 0, o0x7ff768692c78;  alias, 0 drivers
v0x55c4a6bcb3b0_0 .net "d", 0 0, o0x7ff768692ca8;  alias, 0 drivers
v0x55c4a6bcb4c0_0 .var "out", 0 0;
E_0x55c4a6bcaff0/0 .event edge, v0x55c4a6b9bad0_0, v0x55c4a6bcb3b0_0, v0x55c4a6bcb2f0_0, v0x55c4a6bcb220_0;
E_0x55c4a6bcaff0/1 .event edge, v0x55c4a6bcb160_0;
E_0x55c4a6bcaff0 .event/or E_0x55c4a6bcaff0/0, E_0x55c4a6bcaff0/1;
    .scope S_0x55c4a6ba6ee0;
T_0 ;
    %wait E_0x55c4a6b8cdf0;
    %load/vec4 v0x55c4a6b9bad0_0;
    %dup/vec4;
    %pushi/vec4 0, 0, 2;
    %cmp/u;
    %jmp/1 T_0.0, 6;
    %dup/vec4;
    %pushi/vec4 1, 0, 2;
    %cmp/u;
    %jmp/1 T_0.1, 6;
    %dup/vec4;
    %pushi/vec4 2, 0, 2;
    %cmp/u;
    %jmp/1 T_0.2, 6;
    %dup/vec4;
    %pushi/vec4 3, 0, 2;
    %cmp/u;
    %jmp/1 T_0.3, 6;
    %pushi/vec4 1, 1, 1;
    %store/vec4 v0x55c4a6bc76f0_0, 0, 1;
    %jmp T_0.5;
T_0.0 ;
    %load/vec4 v0x55c4a6b99a60_0;
    %store/vec4 v0x55c4a6bc76f0_0, 0, 1;
    %jmp T_0.5;
T_0.1 ;
    %load/vec4 v0x55c4a6bc7480_0;
    %store/vec4 v0x55c4a6bc76f0_0, 0, 1;
    %jmp T_0.5;
T_0.2 ;
    %load/vec4 v0x55c4a6bc7520_0;
    %store/vec4 v0x55c4a6bc76f0_0, 0, 1;
    %jmp T_0.5;
T_0.3 ;
    %load/vec4 v0x55c4a6bc75e0_0;
    %store/vec4 v0x55c4a6bc76f0_0, 0, 1;
    %jmp T_0.5;
T_0.5 ;
    %pop/vec4 1;
    %jmp T_0;
    .thread T_0, $push;
    .scope S_0x55c4a6bc8300;
T_1 ;
    %wait E_0x55c4a6ba02a0;
    %load/vec4 v0x55c4a6bc85d0_0;
    %dup/vec4;
    %pushi/vec4 0, 0, 2;
    %cmp/u;
    %jmp/1 T_1.0, 6;
    %dup/vec4;
    %pushi/vec4 1, 0, 2;
    %cmp/u;
    %jmp/1 T_1.1, 6;
    %dup/vec4;
    %pushi/vec4 2, 0, 2;
    %cmp/u;
    %jmp/1 T_1.2, 6;
    %dup/vec4;
    %pushi/vec4 3, 0, 2;
    %cmp/u;
    %jmp/1 T_1.3, 6;
    %pushi/vec4 1, 1, 1;
    %store/vec4 v0x55c4a6bc8a30_0, 0, 1;
    %jmp T_1.5;
T_1.0 ;
    %load/vec4 v0x55c4a6bc8700_0;
    %store/vec4 v0x55c4a6bc8a30_0, 0, 1;
    %jmp T_1.5;
T_1.1 ;
    %load/vec4 v0x55c4a6bc87c0_0;
    %store/vec4 v0x55c4a6bc8a30_0, 0, 1;
    %jmp T_1.5;
T_1.2 ;
    %load/vec4 v0x55c4a6bc8860_0;
    %store/vec4 v0x55c4a6bc8a30_0, 0, 1;
    %jmp T_1.5;
T_1.3 ;
    %load/vec4 v0x55c4a6bc8920_0;
    %store/vec4 v0x55c4a6bc8a30_0, 0, 1;
    %jmp T_1.5;
T_1.5 ;
    %pop/vec4 1;
    %jmp T_1;
    .thread T_1, $push;
    .scope S_0x55c4a6bc97f0;
T_2 ;
    %wait E_0x55c4a6bc9a70;
    %load/vec4 v0x55c4a6bc9b00_0;
    %dup/vec4;
    %pushi/vec4 0, 0, 2;
    %cmp/u;
    %jmp/1 T_2.0, 6;
    %dup/vec4;
    %pushi/vec4 1, 0, 2;
    %cmp/u;
    %jmp/1 T_2.1, 6;
    %dup/vec4;
    %pushi/vec4 2, 0, 2;
    %cmp/u;
    %jmp/1 T_2.2, 6;
    %dup/vec4;
    %pushi/vec4 3, 0, 2;
    %cmp/u;
    %jmp/1 T_2.3, 6;
    %pushi/vec4 1, 1, 1;
    %store/vec4 v0x55c4a6bc9f80_0, 0, 1;
    %jmp T_2.5;
T_2.0 ;
    %load/vec4 v0x55c4a6bc9c70_0;
    %store/vec4 v0x55c4a6bc9f80_0, 0, 1;
    %jmp T_2.5;
T_2.1 ;
    %load/vec4 v0x55c4a6bc9d30_0;
    %store/vec4 v0x55c4a6bc9f80_0, 0, 1;
    %jmp T_2.5;
T_2.2 ;
    %load/vec4 v0x55c4a6bc9e00_0;
    %store/vec4 v0x55c4a6bc9f80_0, 0, 1;
    %jmp T_2.5;
T_2.3 ;
    %load/vec4 v0x55c4a6bc9ec0_0;
    %store/vec4 v0x55c4a6bc9f80_0, 0, 1;
    %jmp T_2.5;
T_2.5 ;
    %pop/vec4 1;
    %jmp T_2;
    .thread T_2, $push;
    .scope S_0x55c4a6bcad50;
T_3 ;
    %wait E_0x55c4a6bcaff0;
    %load/vec4 v0x55c4a6bcb080_0;
    %dup/vec4;
    %pushi/vec4 0, 0, 2;
    %cmp/u;
    %jmp/1 T_3.0, 6;
    %dup/vec4;
    %pushi/vec4 1, 0, 2;
    %cmp/u;
    %jmp/1 T_3.1, 6;
    %dup/vec4;
    %pushi/vec4 2, 0, 2;
    %cmp/u;
    %jmp/1 T_3.2, 6;
    %dup/vec4;
    %pushi/vec4 3, 0, 2;
    %cmp/u;
    %jmp/1 T_3.3, 6;
    %pushi/vec4 1, 1, 1;
    %store/vec4 v0x55c4a6bcb4c0_0, 0, 1;
    %jmp T_3.5;
T_3.0 ;
    %load/vec4 v0x55c4a6bcb160_0;
    %store/vec4 v0x55c4a6bcb4c0_0, 0, 1;
    %jmp T_3.5;
T_3.1 ;
    %load/vec4 v0x55c4a6bcb220_0;
    %store/vec4 v0x55c4a6bcb4c0_0, 0, 1;
    %jmp T_3.5;
T_3.2 ;
    %load/vec4 v0x55c4a6bcb2f0_0;
    %store/vec4 v0x55c4a6bcb4c0_0, 0, 1;
    %jmp T_3.5;
T_3.3 ;
    %load/vec4 v0x55c4a6bcb3b0_0;
    %store/vec4 v0x55c4a6bcb4c0_0, 0, 1;
    %jmp T_3.5;
T_3.5 ;
    %pop/vec4 1;
    %jmp T_3;
    .thread T_3, $push;
# The file index is used to find the file name in the following table.
:file_names 5;
    "N/A";
    "<interactive>";
    "ul4.v";
    "cl.v";
    "mux4_1.v";
